Analysis & Synthesis report for HW4P6
Tue Nov 05 00:22:55 2019
Quartus Prime Version 18.1.0 Build 625 09/12/2018 SJ Lite Edition


---------------------
; Table of Contents ;
---------------------
  1. Legal Notice
  2. Analysis & Synthesis Summary
  3. Analysis & Synthesis Settings
  4. Parallel Compilation
  5. Analysis & Synthesis Source Files Read
  6. Analysis & Synthesis Resource Usage Summary
  7. Analysis & Synthesis Resource Utilization by Entity
  8. State Machine - |HW4P6|throttle:iSPD|n003
  9. State Machine - |HW4P6|throttle:iSPD|n001
 10. Registers Removed During Synthesis
 11. General Register Statistics
 12. Inverted Register Statistics
 13. Multiplexer Restructuring Statistics (Restructuring Performed)
 14. Post-Synthesis Netlist Statistics for Top Partition
 15. Elapsed Time Per Partition
 16. Analysis & Synthesis Messages
 17. Analysis & Synthesis Suppressed Messages



----------------
; Legal Notice ;
----------------
Copyright (C) 2018  Intel Corporation. All rights reserved.
Your use of Intel Corporation's design tools, logic functions 
and other software and tools, and its AMPP partner logic 
functions, and any output files from any of the foregoing 
(including device programming or simulation files), and any 
associated documentation or information are expressly subject 
to the terms and conditions of the Intel Program License 
Subscription Agreement, the Intel Quartus Prime License Agreement,
the Intel FPGA IP License Agreement, or other applicable license
agreement, including, without limitation, that your use is for
the sole purpose of programming logic devices manufactured by
Intel and sold by Intel or its authorized distributors.  Please
refer to the applicable agreement for further details.



+----------------------------------------------------------------------------------+
; Analysis & Synthesis Summary                                                     ;
+------------------------------------+---------------------------------------------+
; Analysis & Synthesis Status        ; Successful - Tue Nov 05 00:22:55 2019       ;
; Quartus Prime Version              ; 18.1.0 Build 625 09/12/2018 SJ Lite Edition ;
; Revision Name                      ; HW4P6                                       ;
; Top-level Entity Name              ; HW4P6                                       ;
; Family                             ; Cyclone IV E                                ;
; Total logic elements               ; 152                                         ;
;     Total combinational functions  ; 137                                         ;
;     Dedicated logic registers      ; 101                                         ;
; Total registers                    ; 101                                         ;
; Total pins                         ; 24                                          ;
; Total virtual pins                 ; 0                                           ;
; Total memory bits                  ; 0                                           ;
; Embedded Multiplier 9-bit elements ; 0                                           ;
; Total PLLs                         ; 0                                           ;
+------------------------------------+---------------------------------------------+


+------------------------------------------------------------------------------------------------------------+
; Analysis & Synthesis Settings                                                                              ;
+------------------------------------------------------------------+--------------------+--------------------+
; Option                                                           ; Setting            ; Default Value      ;
+------------------------------------------------------------------+--------------------+--------------------+
; Device                                                           ; EP4CE22F17C6       ;                    ;
; Top-level entity name                                            ; HW4P6              ; HW4P6              ;
; Family name                                                      ; Cyclone IV E       ; Cyclone V          ;
; Use smart compilation                                            ; Off                ; Off                ;
; Enable parallel Assembler and Timing Analyzer during compilation ; On                 ; On                 ;
; Enable compact report table                                      ; Off                ; Off                ;
; Restructure Multiplexers                                         ; Auto               ; Auto               ;
; Create Debugging Nodes for IP Cores                              ; Off                ; Off                ;
; Preserve fewer node names                                        ; On                 ; On                 ;
; Intel FPGA IP Evaluation Mode                                    ; Enable             ; Enable             ;
; Verilog Version                                                  ; Verilog_2001       ; Verilog_2001       ;
; VHDL Version                                                     ; VHDL_1993          ; VHDL_1993          ;
; State Machine Processing                                         ; Auto               ; Auto               ;
; Safe State Machine                                               ; Off                ; Off                ;
; Extract Verilog State Machines                                   ; On                 ; On                 ;
; Extract VHDL State Machines                                      ; On                 ; On                 ;
; Ignore Verilog initial constructs                                ; Off                ; Off                ;
; Iteration limit for constant Verilog loops                       ; 5000               ; 5000               ;
; Iteration limit for non-constant Verilog loops                   ; 250                ; 250                ;
; Add Pass-Through Logic to Inferred RAMs                          ; On                 ; On                 ;
; Infer RAMs from Raw Logic                                        ; On                 ; On                 ;
; Parallel Synthesis                                               ; On                 ; On                 ;
; DSP Block Balancing                                              ; Auto               ; Auto               ;
; NOT Gate Push-Back                                               ; On                 ; On                 ;
; Power-Up Don't Care                                              ; On                 ; On                 ;
; Remove Redundant Logic Cells                                     ; Off                ; Off                ;
; Remove Duplicate Registers                                       ; On                 ; On                 ;
; Ignore CARRY Buffers                                             ; Off                ; Off                ;
; Ignore CASCADE Buffers                                           ; Off                ; Off                ;
; Ignore GLOBAL Buffers                                            ; Off                ; Off                ;
; Ignore ROW GLOBAL Buffers                                        ; Off                ; Off                ;
; Ignore LCELL Buffers                                             ; Off                ; Off                ;
; Ignore SOFT Buffers                                              ; On                 ; On                 ;
; Limit AHDL Integers to 32 Bits                                   ; Off                ; Off                ;
; Optimization Technique                                           ; Balanced           ; Balanced           ;
; Carry Chain Length                                               ; 70                 ; 70                 ;
; Auto Carry Chains                                                ; On                 ; On                 ;
; Auto Open-Drain Pins                                             ; On                 ; On                 ;
; Perform WYSIWYG Primitive Resynthesis                            ; Off                ; Off                ;
; Auto ROM Replacement                                             ; On                 ; On                 ;
; Auto RAM Replacement                                             ; On                 ; On                 ;
; Auto DSP Block Replacement                                       ; On                 ; On                 ;
; Auto Shift Register Replacement                                  ; Auto               ; Auto               ;
; Allow Shift Register Merging across Hierarchies                  ; Auto               ; Auto               ;
; Auto Clock Enable Replacement                                    ; On                 ; On                 ;
; Strict RAM Replacement                                           ; Off                ; Off                ;
; Allow Synchronous Control Signals                                ; On                 ; On                 ;
; Force Use of Synchronous Clear Signals                           ; Off                ; Off                ;
; Auto RAM Block Balancing                                         ; On                 ; On                 ;
; Auto RAM to Logic Cell Conversion                                ; Off                ; Off                ;
; Auto Resource Sharing                                            ; Off                ; Off                ;
; Allow Any RAM Size For Recognition                               ; Off                ; Off                ;
; Allow Any ROM Size For Recognition                               ; Off                ; Off                ;
; Allow Any Shift Register Size For Recognition                    ; Off                ; Off                ;
; Use LogicLock Constraints during Resource Balancing              ; On                 ; On                 ;
; Ignore translate_off and synthesis_off directives                ; Off                ; Off                ;
; Timing-Driven Synthesis                                          ; On                 ; On                 ;
; Report Parameter Settings                                        ; On                 ; On                 ;
; Report Source Assignments                                        ; On                 ; On                 ;
; Report Connectivity Checks                                       ; On                 ; On                 ;
; Ignore Maximum Fan-Out Assignments                               ; Off                ; Off                ;
; Synchronization Register Chain Length                            ; 2                  ; 2                  ;
; Power Optimization During Synthesis                              ; Normal compilation ; Normal compilation ;
; HDL message level                                                ; Level2             ; Level2             ;
; Suppress Register Optimization Related Messages                  ; Off                ; Off                ;
; Number of Removed Registers Reported in Synthesis Report         ; 5000               ; 5000               ;
; Number of Swept Nodes Reported in Synthesis Report               ; 5000               ; 5000               ;
; Number of Inverted Registers Reported in Synthesis Report        ; 100                ; 100                ;
; Clock MUX Protection                                             ; On                 ; On                 ;
; Auto Gated Clock Conversion                                      ; Off                ; Off                ;
; Block Design Naming                                              ; Auto               ; Auto               ;
; SDC constraint protection                                        ; Off                ; Off                ;
; Synthesis Effort                                                 ; Auto               ; Auto               ;
; Shift Register Replacement - Allow Asynchronous Clear Signal     ; On                 ; On                 ;
; Pre-Mapping Resynthesis Optimization                             ; Off                ; Off                ;
; Analysis & Synthesis Message Level                               ; Medium             ; Medium             ;
; Disable Register Merging Across Hierarchies                      ; Auto               ; Auto               ;
; Resource Aware Inference For Block RAM                           ; On                 ; On                 ;
+------------------------------------------------------------------+--------------------+--------------------+


+------------------------------------------+
; Parallel Compilation                     ;
+----------------------------+-------------+
; Processors                 ; Number      ;
+----------------------------+-------------+
; Number detected on machine ; 6           ;
; Maximum allowed            ; 6           ;
;                            ;             ;
; Average used               ; 1.00        ;
; Maximum used               ; 6           ;
;                            ;             ;
; Usage by Processor         ; % Time Used ;
;     Processor 1            ; 100.0%      ;
;     Processors 2-6         ;   0.0%      ;
+----------------------------+-------------+


+------------------------------------------------------------------------------------------------------------------------------------------+
; Analysis & Synthesis Source Files Read                                                                                                   ;
+-------------------------------------+-----------------+------------------------------+-----------------------------------------+---------+
; File Name with User-Entered Path    ; Used in Netlist ; File Type                    ; File Name with Absolute Path            ; Library ;
+-------------------------------------+-----------------+------------------------------+-----------------------------------------+---------+
; ../../EX08_nonoverlap/nonoverlap.sv ; yes             ; User SystemVerilog HDL File  ; I:/ece551/EX08_nonoverlap/nonoverlap.sv ;         ;
; ../../EX11/PWM_test/PWM11.sv        ; yes             ; User SystemVerilog HDL File  ; I:/ece551/EX11/PWM_test/PWM11.sv        ;         ;
; ../../EX12_brushless/mtr_drv.sv     ; yes             ; User SystemVerilog HDL File  ; I:/ece551/EX12_brushless/mtr_drv.sv     ;         ;
; ../../EX12_brushless/brushless.sv   ; yes             ; User SystemVerilog HDL File  ; I:/ece551/EX12_brushless/brushless.sv   ;         ;
; throttle.sv                         ; yes             ; User SystemVerilog HDL File  ; I:/ece551/HW4/Q6/throttle.sv            ;         ;
; HW4P6.sv                            ; yes             ; User SystemVerilog HDL File  ; I:/ece551/HW4/Q6/HW4P6.sv               ;         ;
+-------------------------------------+-----------------+------------------------------+-----------------------------------------+---------+


+---------------------------------------------------------+
; Analysis & Synthesis Resource Usage Summary             ;
+---------------------------------------------+-----------+
; Resource                                    ; Usage     ;
+---------------------------------------------+-----------+
; Estimated Total logic elements              ; 152       ;
;                                             ;           ;
; Total combinational functions               ; 137       ;
; Logic element usage by number of LUT inputs ;           ;
;     -- 4 input functions                    ; 39        ;
;     -- 3 input functions                    ; 33        ;
;     -- <=2 input functions                  ; 65        ;
;                                             ;           ;
; Logic elements by mode                      ;           ;
;     -- normal mode                          ; 87        ;
;     -- arithmetic mode                      ; 50        ;
;                                             ;           ;
; Total registers                             ; 101       ;
;     -- Dedicated logic registers            ; 101       ;
;     -- I/O registers                        ; 0         ;
;                                             ;           ;
; I/O pins                                    ; 24        ;
;                                             ;           ;
; Embedded Multiplier 9-bit elements          ; 0         ;
;                                             ;           ;
; Maximum fan-out node                        ; clk~input ;
; Maximum fan-out                             ; 101       ;
; Total fan-out                               ; 763       ;
; Average fan-out                             ; 2.67      ;
+---------------------------------------------+-----------+


+-------------------------------------------------------------------------------------------------------------------------------------------------------------------------------------------------------------------------------------------+
; Analysis & Synthesis Resource Utilization by Entity                                                                                                                                                                                       ;
+-----------------------------------+---------------------+---------------------------+-------------+--------------+---------+-----------+------+--------------+-----------------------------------------------+-------------+--------------+
; Compilation Hierarchy Node        ; Combinational ALUTs ; Dedicated Logic Registers ; Memory Bits ; DSP Elements ; DSP 9x9 ; DSP 18x18 ; Pins ; Virtual Pins ; Full Hierarchy Name                           ; Entity Name ; Library Name ;
+-----------------------------------+---------------------+---------------------------+-------------+--------------+---------+-----------+------+--------------+-----------------------------------------------+-------------+--------------+
; |HW4P6                            ; 137 (8)             ; 101 (2)                   ; 0           ; 0            ; 0       ; 0         ; 24   ; 0            ; |HW4P6                                        ; HW4P6       ; work         ;
;    |brushless:iBRSH|              ; 10 (10)             ; 3 (3)                     ; 0           ; 0            ; 0       ; 0         ; 0    ; 0            ; |HW4P6|brushless:iBRSH                        ; brushless   ; work         ;
;    |mtr_drv:iMTR|                 ; 58 (3)              ; 39 (0)                    ; 0           ; 0            ; 0       ; 0         ; 0    ; 0            ; |HW4P6|mtr_drv:iMTR                           ; mtr_drv     ; work         ;
;       |PWM11:pwm|                 ; 22 (22)             ; 12 (12)                   ; 0           ; 0            ; 0       ; 0         ; 0    ; 0            ; |HW4P6|mtr_drv:iMTR|PWM11:pwm                 ; PWM11       ; work         ;
;       |nonoverlap:nonoverlap_blu| ; 11 (11)             ; 9 (9)                     ; 0           ; 0            ; 0       ; 0         ; 0    ; 0            ; |HW4P6|mtr_drv:iMTR|nonoverlap:nonoverlap_blu ; nonoverlap  ; work         ;
;       |nonoverlap:nonoverlap_grn| ; 11 (11)             ; 9 (9)                     ; 0           ; 0            ; 0       ; 0         ; 0    ; 0            ; |HW4P6|mtr_drv:iMTR|nonoverlap:nonoverlap_grn ; nonoverlap  ; work         ;
;       |nonoverlap:nonoverlap_ylw| ; 11 (11)             ; 9 (9)                     ; 0           ; 0            ; 0       ; 0         ; 0    ; 0            ; |HW4P6|mtr_drv:iMTR|nonoverlap:nonoverlap_ylw ; nonoverlap  ; work         ;
;    |throttle:iSPD|                ; 61 (61)             ; 57 (57)                   ; 0           ; 0            ; 0       ; 0         ; 0    ; 0            ; |HW4P6|throttle:iSPD                          ; throttle    ; work         ;
+-----------------------------------+---------------------+---------------------------+-------------+--------------+---------+-----------+------+--------------+-----------------------------------------------+-------------+--------------+
Note: For table entries with two numbers listed, the numbers in parentheses indicate the number of resources of the given type used by the specific entity alone. The numbers listed outside of parentheses indicate the total resources of the given type used by the specific entity and all of its sub-entities in the hierarchy.


Encoding Type:  One-Hot
+-----------------------------------------------------------+
; State Machine - |HW4P6|throttle:iSPD|n003                 ;
+-----------+-----------+-----------+-----------+-----------+
; Name      ; n003.AAAD ; n003.AAAC ; n003.AAAB ; n003.AAAA ;
+-----------+-----------+-----------+-----------+-----------+
; n003.AAAA ; 0         ; 0         ; 0         ; 0         ;
; n003.AAAB ; 0         ; 0         ; 1         ; 1         ;
; n003.AAAC ; 0         ; 1         ; 0         ; 1         ;
; n003.AAAD ; 1         ; 0         ; 0         ; 1         ;
+-----------+-----------+-----------+-----------+-----------+


Encoding Type:  One-Hot
+------------------------------------------------------+
; State Machine - |HW4P6|throttle:iSPD|n001            ;
+----------+----------+----------+----------+----------+
; Name     ; n001.AAD ; n001.AAC ; n001.AAB ; n001.AAA ;
+----------+----------+----------+----------+----------+
; n001.AAA ; 0        ; 0        ; 0        ; 0        ;
; n001.AAB ; 0        ; 0        ; 1        ; 1        ;
; n001.AAC ; 0        ; 1        ; 0        ; 1        ;
; n001.AAD ; 1        ; 0        ; 0        ; 1        ;
+----------+----------+----------+----------+----------+


+------------------------------------------------------------+
; Registers Removed During Synthesis                         ;
+---------------------------------------+--------------------+
; Register name                         ; Reason for Removal ;
+---------------------------------------+--------------------+
; throttle:iSPD|n003~4                  ; Lost fanout        ;
; throttle:iSPD|n003~5                  ; Lost fanout        ;
; throttle:iSPD|n001~4                  ; Lost fanout        ;
; throttle:iSPD|n001~5                  ; Lost fanout        ;
; Total Number of Removed Registers = 4 ;                    ;
+---------------------------------------+--------------------+


+------------------------------------------------------+
; General Register Statistics                          ;
+----------------------------------------------+-------+
; Statistic                                    ; Value ;
+----------------------------------------------+-------+
; Total registers                              ; 101   ;
; Number of registers using Synchronous Clear  ; 25    ;
; Number of registers using Synchronous Load   ; 6     ;
; Number of registers using Asynchronous Clear ; 66    ;
; Number of registers using Asynchronous Load  ; 0     ;
; Number of registers using Clock Enable       ; 47    ;
; Number of registers using Preset             ; 0     ;
+----------------------------------------------+-------+


+--------------------------------------------------+
; Inverted Register Statistics                     ;
+----------------------------------------+---------+
; Inverted Register                      ; Fan out ;
+----------------------------------------+---------+
; throttle:iSPD|SS_n                     ; 1       ;
; Total number of inverted registers = 1 ;         ;
+----------------------------------------+---------+


+--------------------------------------------------------------------------------------------------------------------------------------------------------------------+
; Multiplexer Restructuring Statistics (Restructuring Performed)                                                                                                     ;
+--------------------+-----------+---------------+----------------------+------------------------+------------+------------------------------------------------------+
; Multiplexer Inputs ; Bus Width ; Baseline Area ; Area if Restructured ; Saving if Restructured ; Registered ; Example Multiplexer Output                           ;
+--------------------+-----------+---------------+----------------------+------------------------+------------+------------------------------------------------------+
; 3:1                ; 16 bits   ; 32 LEs        ; 16 LEs               ; 16 LEs                 ; Yes        ; |HW4P6|throttle:iSPD|n007[7]                         ;
; 3:1                ; 4 bits    ; 8 LEs         ; 4 LEs                ; 4 LEs                  ; Yes        ; |HW4P6|throttle:iSPD|n006[2]                         ;
; 3:1                ; 5 bits    ; 10 LEs        ; 5 LEs                ; 5 LEs                  ; Yes        ; |HW4P6|mtr_drv:iMTR|nonoverlap:nonoverlap_grn|cnt[4] ;
; 3:1                ; 5 bits    ; 10 LEs        ; 5 LEs                ; 5 LEs                  ; Yes        ; |HW4P6|mtr_drv:iMTR|nonoverlap:nonoverlap_ylw|cnt[4] ;
; 3:1                ; 5 bits    ; 10 LEs        ; 5 LEs                ; 5 LEs                  ; Yes        ; |HW4P6|mtr_drv:iMTR|nonoverlap:nonoverlap_blu|cnt[2] ;
+--------------------+-----------+---------------+----------------------+------------------------+------------+------------------------------------------------------+


+-----------------------------------------------------+
; Post-Synthesis Netlist Statistics for Top Partition ;
+-----------------------+-----------------------------+
; Type                  ; Count                       ;
+-----------------------+-----------------------------+
; boundary_port         ; 24                          ;
; cycloneiii_ff         ; 101                         ;
;     CLR               ; 28                          ;
;     CLR SCLR          ; 10                          ;
;     ENA               ; 4                           ;
;     ENA CLR           ; 28                          ;
;     ENA SCLR          ; 15                          ;
;     SLD               ; 6                           ;
;     plain             ; 10                          ;
; cycloneiii_lcell_comb ; 138                         ;
;     arith             ; 50                          ;
;         2 data inputs ; 40                          ;
;         3 data inputs ; 10                          ;
;     normal            ; 88                          ;
;         0 data inputs ; 1                           ;
;         1 data inputs ; 10                          ;
;         2 data inputs ; 15                          ;
;         3 data inputs ; 23                          ;
;         4 data inputs ; 39                          ;
;                       ;                             ;
; Max LUT depth         ; 4.60                        ;
; Average LUT depth     ; 2.32                        ;
+-----------------------+-----------------------------+


+-------------------------------+
; Elapsed Time Per Partition    ;
+----------------+--------------+
; Partition Name ; Elapsed Time ;
+----------------+--------------+
; Top            ; 00:00:00     ;
+----------------+--------------+


+-------------------------------+
; Analysis & Synthesis Messages ;
+-------------------------------+
Info: *******************************************************************
Info: Running Quartus Prime Analysis & Synthesis
    Info: Version 18.1.0 Build 625 09/12/2018 SJ Lite Edition
    Info: Processing started: Tue Nov 05 00:19:58 2019
Info: Command: quartus_map --read_settings_files=on --write_settings_files=off HW4P6 -c HW4P6
Warning (18236): Number of processors has not been specified which may cause overloading on shared machines.  Set the global assignment NUM_PARALLEL_PROCESSORS in your QSF to an appropriate value for best performance.
Info (20030): Parallel compilation is enabled and will use 6 of the 6 processors detected
Info (12021): Found 1 design units, including 1 entities, in source file /ece551/ex08_nonoverlap/nonoverlap.sv
    Info (12023): Found entity 1: nonoverlap File: I:/ece551/EX08_nonoverlap/nonoverlap.sv Line: 1
Info (12021): Found 1 design units, including 1 entities, in source file /ece551/ex11/pwm_test/pwm11.sv
    Info (12023): Found entity 1: PWM11 File: I:/ece551/EX11/PWM_test/PWM11.sv Line: 1
Info (12021): Found 1 design units, including 1 entities, in source file /ece551/ex12_brushless/mtr_drv.sv
    Info (12023): Found entity 1: mtr_drv File: I:/ece551/EX12_brushless/mtr_drv.sv Line: 1
Info (12021): Found 1 design units, including 1 entities, in source file /ece551/ex12_brushless/brushless.sv
    Info (12023): Found entity 1: brushless File: I:/ece551/EX12_brushless/brushless.sv Line: 1
Info (12021): Found 1 design units, including 1 entities, in source file throttle.sv
    Info (12023): Found entity 1: throttle File: I:/ece551/HW4/Q6/throttle.sv Line: 1
Info (12021): Found 1 design units, including 1 entities, in source file hw4p6.sv
    Info (12023): Found entity 1: HW4P6 File: I:/ece551/HW4/Q6/HW4P6.sv Line: 1
Warning (10236): Verilog HDL Implicit Net warning at nonoverlap.sv(9): created implicit net for "chngd" File: I:/ece551/EX08_nonoverlap/nonoverlap.sv Line: 9
Warning (10236): Verilog HDL Implicit Net warning at nonoverlap.sv(10): created implicit net for "expired" File: I:/ece551/EX08_nonoverlap/nonoverlap.sv Line: 10
Warning (10236): Verilog HDL Implicit Net warning at mtr_drv.sv(15): created implicit net for "highGrnIn" File: I:/ece551/EX12_brushless/mtr_drv.sv Line: 15
Warning (10236): Verilog HDL Implicit Net warning at mtr_drv.sv(16): created implicit net for "lowGrnIn" File: I:/ece551/EX12_brushless/mtr_drv.sv Line: 16
Warning (10236): Verilog HDL Implicit Net warning at mtr_drv.sv(19): created implicit net for "highYlwIn" File: I:/ece551/EX12_brushless/mtr_drv.sv Line: 19
Warning (10236): Verilog HDL Implicit Net warning at mtr_drv.sv(20): created implicit net for "lowYlwIn" File: I:/ece551/EX12_brushless/mtr_drv.sv Line: 20
Warning (10236): Verilog HDL Implicit Net warning at mtr_drv.sv(23): created implicit net for "highBluIn" File: I:/ece551/EX12_brushless/mtr_drv.sv Line: 23
Warning (10236): Verilog HDL Implicit Net warning at mtr_drv.sv(24): created implicit net for "lowBluIn" File: I:/ece551/EX12_brushless/mtr_drv.sv Line: 24
Info (12127): Elaborating entity "HW4P6" for the top level hierarchy
Info (12128): Elaborating entity "brushless" for hierarchy "brushless:iBRSH" File: I:/ece551/HW4/Q6/HW4P6.sv Line: 37
Info (12128): Elaborating entity "mtr_drv" for hierarchy "mtr_drv:iMTR" File: I:/ece551/HW4/Q6/HW4P6.sv Line: 45
Info (12128): Elaborating entity "PWM11" for hierarchy "mtr_drv:iMTR|PWM11:pwm" File: I:/ece551/EX12_brushless/mtr_drv.sv Line: 10
Info (12128): Elaborating entity "nonoverlap" for hierarchy "mtr_drv:iMTR|nonoverlap:nonoverlap_grn" File: I:/ece551/EX12_brushless/mtr_drv.sv Line: 17
Warning (10230): Verilog HDL assignment warning at nonoverlap.sv(23): truncated value with size 32 to match size of target (5) File: I:/ece551/EX08_nonoverlap/nonoverlap.sv Line: 23
Info (12128): Elaborating entity "throttle" for hierarchy "throttle:iSPD" File: I:/ece551/HW4/Q6/HW4P6.sv Line: 51
Warning (10230): Verilog HDL assignment warning at throttle.sv(40): truncated value with size 32 to match size of target (10) File: I:/ece551/HW4/Q6/throttle.sv Line: 40
Info (13000): Registers with preset signals will power-up high File: I:/ece551/HW4/Q6/throttle.sv Line: 6
Info (13003): DEV_CLRn pin will set, and not reset, register with preset signal due to NOT Gate Push-Back
Info (286030): Timing-Driven Synthesis is running
Info (17049): 4 registers lost all their fanouts during netlist optimizations.
Info (144001): Generated suppressed messages file I:/ece551/HW4/Q6/HW4P6.map.smsg
Info (16010): Generating hard_block partition "hard_block:auto_generated_inst"
    Info (16011): Adding 0 node(s), including 0 DDIO, 0 PLL, 0 transceiver and 0 LCELL
Info (21057): Implemented 183 device resources after synthesis - the final resource count might be different
    Info (21058): Implemented 7 input pins
    Info (21059): Implemented 17 output pins
    Info (21061): Implemented 159 logic cells
Info: Quartus Prime Analysis & Synthesis was successful. 0 errors, 11 warnings
    Info: Peak virtual memory: 4987 megabytes
    Info: Processing ended: Tue Nov 05 00:22:55 2019
    Info: Elapsed time: 00:02:57
    Info: Total CPU time (on all processors): 00:01:21


+------------------------------------------+
; Analysis & Synthesis Suppressed Messages ;
+------------------------------------------+
The suppressed messages can be found in I:/ece551/HW4/Q6/HW4P6.map.smsg.


