 
****************************************
Report : timing
        -path full
        -delay min
        -max_paths 1
Design : commMod
Version: P-2019.03
Date   : Tue Oct 29 16:51:22 2019
****************************************

Operating Conditions: NCCOM   Library: tcbn40lpbwptc
Wire Load Model Mode: segmented

  Startpoint: iUART/iRX/bit_cnt_reg[2]
              (rising edge-triggered flip-flop clocked by clk)
  Endpoint: iUART/iRX/bit_cnt_reg[2]
            (rising edge-triggered flip-flop clocked by clk)
  Path Group: clk
  Path Type: min

  Des/Clust/Port     Wire Load Model       Library
  ------------------------------------------------
  commMod            TSMC32K_Lowk_Conservative
                                           tcbn40lpbwptc

  Point                                                   Incr       Path
  --------------------------------------------------------------------------
  clock clk (rise edge)                                   0.00       0.00
  clock network delay (ideal)                             0.00       0.00
  iUART/iRX/bit_cnt_reg[2]/CP (DFD1BWP)                   0.00       0.00 r
  iUART/iRX/bit_cnt_reg[2]/Q (DFD1BWP)                    0.11       0.11 r
  U189/ZN (IOA22D0BWP)                                    0.05       0.17 f
  iUART/iRX/bit_cnt_reg[2]/D (DFD1BWP)                    0.00       0.17 f
  data arrival time                                                  0.17

  clock clk (rise edge)                                   0.00       0.00
  clock network delay (ideal)                             0.00       0.00
  clock uncertainty                                       0.15       0.15
  iUART/iRX/bit_cnt_reg[2]/CP (DFD1BWP)                   0.00       0.15 r
  library hold time                                       0.01       0.16
  data required time                                                 0.16
  --------------------------------------------------------------------------
  data required time                                                 0.16
  data arrival time                                                 -0.17
  --------------------------------------------------------------------------
  slack (MET)                                                        0.00


1
