 
****************************************
Report : area
Design : commMod
Version: P-2019.03
Date   : Tue Oct 29 16:51:22 2019
****************************************

Library(s) Used:

    tcbn40lpbwptc (File: /cae/apps/data/tsmclibs-2013/digital/Front_End/timing_power_noise/NLDM/tcbn40lpbwp_120b/tcbn40lpbwptc.db)

Number of ports:                           39
Number of nets:                           260
Number of cells:                          212
Number of combinational cells:            149
Number of sequential cells:                63
Number of macros/black boxes:               0
Number of buf/inv:                         47
Number of references:                      51

Combinational area:                262.130407
Buf/Inv area:                       96.843604
Noncombinational area:             253.134001
Macro/Black Box area:                0.000000
Net Interconnect area:      undefined  (Wire load has zero net area)

Total cell area:                   515.264408
Total area:                 undefined
1
