Information: Updating design information... (UID-85)
 
****************************************
Report : timing
        -path full
        -delay max
        -max_paths 1
Design : commMod
Version: P-2019.03
Date   : Tue Oct 29 16:51:22 2019
****************************************

Operating Conditions: NCCOM   Library: tcbn40lpbwptc
Wire Load Model Mode: segmented

  Startpoint: Bp (input port clocked by clk)
  Endpoint: iCRC/signature_reg[1]
            (rising edge-triggered flip-flop clocked by clk)
  Path Group: clk
  Path Type: max

  Des/Clust/Port     Wire Load Model       Library
  ------------------------------------------------
  commMod            TSMC32K_Lowk_Conservative
                                           tcbn40lpbwptc

  Point                                                   Incr       Path
  --------------------------------------------------------------------------
  clock clk (rise edge)                                   0.00       0.00
  clock network delay (ideal)                             0.00       0.00
  input external delay                                    0.50       0.50 f
  Bp (inout)                                              0.31       0.81 f
  U206/Z (DEL100D1BWP)                                    0.22       1.03 f
  U203/ZN (NR2XD0BWP)                                     0.04       1.08 r
  U254/ZN (NR2XD0BWP)                                     0.04       1.12 f
  U154/Z (XOR2D1BWP)                                      0.08       1.20 r
  U152/Z (XOR2D1BWP)                                      0.09       1.29 f
  iCRC/signature_reg[1]/D (EDFKCNQD1BWP)                  0.00       1.29 f
  data arrival time                                                  1.29

  clock clk (rise edge)                                   2.00       2.00
  clock network delay (ideal)                             0.00       2.00
  clock uncertainty                                      -0.15       1.85
  iCRC/signature_reg[1]/CP (EDFKCNQD1BWP)                 0.00       1.85 r
  library setup time                                     -0.13       1.72
  data required time                                                 1.72
  --------------------------------------------------------------------------
  data required time                                                 1.72
  data arrival time                                                 -1.29
  --------------------------------------------------------------------------
  slack (MET)                                                        0.43


1
