 
****************************************
Report : timing
        -path full
        -delay min
        -max_paths 1
Design : telemetry
Version: P-2019.03
Date   : Wed Oct 30 10:52:55 2019
****************************************

Operating Conditions: tt0p85v25c   Library: saed32rvt_tt0p85v25c
Wire Load Model Mode: enclosed

  Startpoint: cnt_reg[0] (rising edge-triggered flip-flop clocked by clk)
  Endpoint: cnt_reg[0] (rising edge-triggered flip-flop clocked by clk)
  Path Group: clk
  Path Type: min

  Des/Clust/Port     Wire Load Model       Library
  ------------------------------------------------
  telemetry          16000                 saed32rvt_tt0p85v25c

  Point                                    Incr       Path
  -----------------------------------------------------------
  clock clk (rise edge)                    0.00       0.00
  clock network delay (ideal)              0.00       0.00
  cnt_reg[0]/CLK (DFFARX1_RVT)             0.00       0.00 r
  cnt_reg[0]/QN (DFFARX1_RVT)              0.10       0.10 f
  cnt_reg[0]/D (DFFARX1_RVT)               0.01       0.11 f
  data arrival time                                   0.11

  clock clk (rise edge)                    0.00       0.00
  clock network delay (ideal)              0.00       0.00
  cnt_reg[0]/CLK (DFFARX1_RVT)             0.00       0.00 r
  library hold time                       -0.02      -0.02
  data required time                                 -0.02
  -----------------------------------------------------------
  data required time                                 -0.02
  data arrival time                                  -0.11
  -----------------------------------------------------------
  slack (MET)                                         0.13


1
